This is pdfTeX, Version 3.141592653-2.6-1.40.24 (TeX Live 2022/Arch Linux) (preloaded format=prv_main 2022.8.10)  10 AUG 2022 14:13
entering extended mode
 restricted \write18 enabled.
 file:line:error style messages enabled.
 %&-line parsing enabled.
**&prv_main /AUCTEXINPUT{ _region_.tex }
(./_region_.tex
No file _region_.aux.
LaTeX Font Info:    Checking defaults for OML/cmm/m/it on input line 9.
LaTeX Font Info:    ... okay on input line 9.
LaTeX Font Info:    Checking defaults for OMS/cmsy/m/n on input line 9.
LaTeX Font Info:    ... okay on input line 9.
LaTeX Font Info:    Checking defaults for OT1/cmr/m/n on input line 9.
LaTeX Font Info:    ... okay on input line 9.
LaTeX Font Info:    Checking defaults for T1/cmr/m/n on input line 9.
LaTeX Font Info:    ... okay on input line 9.
LaTeX Font Info:    Checking defaults for TS1/cmr/m/n on input line 9.
LaTeX Font Info:    ... okay on input line 9.
LaTeX Font Info:    Checking defaults for OMX/cmex/m/n on input line 9.
LaTeX Font Info:    ... okay on input line 9.
LaTeX Font Info:    Checking defaults for U/cmr/m/n on input line 9.
LaTeX Font Info:    ... okay on input line 9.
LaTeX Font Info:    Checking defaults for PD1/pdf/m/n on input line 9.
LaTeX Font Info:    ... okay on input line 9.
LaTeX Font Info:    Checking defaults for PU/pdf/m/n on input line 9.
LaTeX Font Info:    ... okay on input line 9.
-- Lines per column: 58 (exact).
LaTeX Info: Redefining \. on input line 9.
LaTeX Info: Redefining \% on input line 9.
(/usr/share/texmf-dist/tex/latex/translations/translations-basic-dictionary-spanish.trsl
File: translations-basic-dictionary-spanish.trsl (spanish translation file `translations-basic-dictionary')
)
Package translations Info: loading dictionary `translations-basic-dictionary' for `spanish'. on input line 9.
 (/usr/share/texmf-dist/tex/context/base/mkii/supp-pdf.mkii
[Loading MPS to PDF converter (version 2006.09.02).]
\scratchcounter=\count322
\scratchdimen=\dimen278
\scratchbox=\box71
\nofMPsegments=\count323
\nofMParguments=\count324
\everyMPshowfont=\toks36
\MPscratchCnt=\count325
\MPscratchDim=\dimen279
\MPnumerator=\count326
\makeMPintoPDFobject=\count327
\everyMPtoPDFconversion=\toks37
) (/usr/share/texmf-dist/tex/latex/epstopdf-pkg/epstopdf-base.sty
Package: epstopdf-base 2020-01-24 v2.11 Base part for package epstopdf
Package epstopdf-base Info: Redefining graphics rule for `.eps' on input line 485.
 (/usr/share/texmf-dist/tex/latex/latexconfig/epstopdf-sys.cfg
File: epstopdf-sys.cfg 2010/07/13 v1.3 Configuration of (r)epstopdf for TeX Live
))
Package caption Info: Begin \AtBeginDocument code.
Package caption Info: hyperref package is loaded.
Package caption Info: End \AtBeginDocument code.
Package hyperref Info: Link coloring OFF on input line 9.
 (/usr/share/texmf-dist/tex/latex/hyperref/nameref.sty
Package: nameref 2021-04-02 v2.47 Cross-referencing by name of section
 (/usr/share/texmf-dist/tex/latex/refcount/refcount.sty
Package: refcount 2019/12/15 v3.6 Data extraction from label references (HO)
) (/usr/share/texmf-dist/tex/generic/gettitlestring/gettitlestring.sty
Package: gettitlestring 2019/12/15 v1.6 Cleanup title references (HO)
)
\c@section@level=\count328
)
LaTeX Info: Redefining \ref on input line 9.
LaTeX Info: Redefining \pageref on input line 9.
LaTeX Info: Redefining \nameref on input line 9.
 (/home/ariedinger/.emacs.d/.local/straight/build-28.1/auctex/latex/preview.sty
Package: preview 2017/04/24 13.1 (AUCTeX/preview-latex)
 (/usr/share/texmf-dist/tex/generic/luatex85/luatex85.sty
Package: luatex85 2016/06/15 v1.4 pdftex aliases for luatex
) (/home/ariedinger/.emacs.d/.local/straight/build-28.1/auctex/latex/prtightpage.def
\PreviewBorder=\dimen280
) (/home/ariedinger/.emacs.d/.local/straight/build-28.1/auctex/latex/prauctex.def
No auxiliary output files.


\hbadness=\count329
\hfuzz=\dimen281
(/home/ariedinger/.emacs.d/.local/straight/build-28.1/auctex/latex/prauctex.cfg)) (/home/ariedinger/.emacs.d/.local/straight/build-28.1/auctex/latex/prfootnotes.def)
\pr@snippet=\count330
\pr@box=\box72
\pr@output=\toks38

Preview: Fontsize 10pt
Preview: PDFoutput 1
)  !name(sections/03-01-ellip.tex) !offset(-11) 
./_region_.tex:12: Preview: Snippet 1 started.
<-><->
      
l.12 \subsection
                {Diseño de un filtro elíptico FFIR}
Not a real error.

Preview: Tightpage -32891 -32891 32891 32891
./_region_.tex:12: Preview: Snippet 1 ended.(448587+135328x16515072).
<-><->
      
l.12 ...ction{Diseño de un filtro elíptico FFIR}
                                                  
Not a real error.

[1{/var/lib/texmf/fonts/map/pdftex/updmap/pdftex.map}

]

LaTeX Warning: Reference `sec:02-02-mag-cuad' on page 1 undefined on input line 13.

./_region_.tex:16: Preview: Snippet 2 started.
<-><->
      
l.16       \item Banda de paso normalizada $
                                            (0.00,0.10)$ en fracciones de $\...
Not a real error.

./_region_.tex:16: Preview: Snippet 2 ended.(491520+163840x3131171).
<-><->
      
l.16 ...em Banda de paso normalizada $(0.00,0.10)$
                                                   en fracciones de $\nicefr...
Not a real error.

[2]
./_region_.tex:16: Preview: Snippet 3 started.
<-><->
      
l.16 ...rmalizada $(0.00,0.10)$ en fracciones de $
                                                  \nicefrac{f_{s}}{2}$ con a...
Not a real error.

./_region_.tex:16: Preview: Snippet 3 ended.(491520+163840x987601).
<-><->
      
l.16 ...0)$ en fracciones de $\nicefrac{f_{s}}{2}$
                                                   con al menos $0.08 \: [\u...
Not a real error.

[3]
./_region_.tex:16: Preview: Snippet 4 started.
<-><->
      
l.16 ...es de $\nicefrac{f_{s}}{2}$ con al menos $
                                                  0.08 \: [\unit{dB}]$ de ri...
Not a real error.

./_region_.tex:16: Preview: Snippet 4 ended.(491520+163840x2503115).
<-><->
      
l.16 ...s}}{2}$ con al menos $0.08 \: [\unit{dB}]$
                                                   de ripple máximo pico-a-...
Not a real error.

[4]
./_region_.tex:16: Preview: Snippet 5 started.
<-><->
      
l.16 ...}]$ de ripple máximo pico-a-pico, donde $
                                                  f_{s}$ se define como la f...
Not a real error.

./_region_.tex:16: Preview: Snippet 5 ended.(455111+127431x600977).
<-><->
      
l.16 ... ripple máximo pico-a-pico, donde $f_{s}$
                                                   se define como la frecuen...
Not a real error.

[5]
./_region_.tex:17: Preview: Snippet 6 started.
<-><->
      
l.17       \item Banda de parada normalzada $
                                             (0.11,1.00)$ con al menos $50 \...
Not a real error.

./_region_.tex:17: Preview: Snippet 6 ended.(491520+163840x3131171).
<-><->
      
l.17 ...m Banda de parada normalzada $(0.11,1.00)$
                                                   con al menos $50 \: [\uni...
Not a real error.

[6]
./_region_.tex:17: Preview: Snippet 7 started.
<-><->
      
l.17 ...da normalzada $(0.11,1.00)$ con al menos $
                                                  50 \: [\unit{dB}]$ de aten...
Not a real error.

./_region_.tex:17: Preview: Snippet 7 ended.(491520+163840x1993389).
<-><->
      
l.17 ...11,1.00)$ con al menos $50 \: [\unit{dB}]$
                                                   de atenuación.
Not a real error.

[7]
./_region_.tex:19: Preview: Snippet 8 started.
<-><->
      
l.19       \item Amplitud máxima de $
                                      \mu = 1.0$.
Not a real error.

./_region_.tex:19: Preview: Snippet 8 ended.(422343+127431x2106099).
<-><->
      
l.19       \item Amplitud máxima de $\mu = 1.0$
                                                .
Not a real error.

[8]
./_region_.tex:22: Preview: Snippet 9 started.
<-><->
      
l.22 ...a de transición angosta en el intervalo $
                                                  (0.10,0.11)$, se seleccion...
Not a real error.

./_region_.tex:22: Preview: Snippet 9 ended.(491520+163840x3131171).
<-><->
      
l.22 ...ión angosta en el intervalo $(0.10,0.11)$
                                                  , se selecciona un filtro ...
Not a real error.

[9]  !name(../main.tex) !offset(-11) 

LaTeX Warning: There were undefined references.

 ) 
Here is how much of TeX's memory you used:
 2267 strings out of 460010
 57660 string characters out of 5515874
 760084 words of memory out of 5000000
 38481 multiletter control sequences out of 15000+600000
 493986 words of font info for 79 fonts, out of 8000000 for 9000
 1144 hyphenation exceptions out of 8191
 50i,8n,56p,339b,867s stack positions out of 5000i,500n,10000p,200000b,80000s
{/usr/share/texmf-dist/fonts/enc/dvips/base/8r.enc}</usr/share/texmf-dist/fonts/type1/public/amsfonts/cm/cmmi10.pfb></usr/share/texmf-dist/fonts/type1/public/amsfonts/cm/cmmi5.pfb></usr/share/texmf-dist/fonts/type1/public/amsfonts/cm/cmmi7.pfb></usr/share/texmf-dist/fonts/type1/public/amsfonts/cm/cmr10.pfb></usr/share/texmf-dist/fonts/type1/public/amsfonts/cm/cmr7.pfb></usr/share/texmf-dist/fonts/type1/urw/times/utmri8a.pfb>
Output written on _region_.pdf (9 pages, 57276 bytes).
PDF statistics:
 80 PDF objects out of 1000 (max. 8388607)
 56 compressed objects within 1 object stream
 10 named destinations out of 1000 (max. 500000)
 1 words of extra memory for PDF output out of 10000 (max. 10000000)

